2025-12-17 21:13:04 - INFO     - ==================================================
2025-12-17 21:13:04 - INFO     - ПРОГРАММА ЗАПУЩЕНА
2025-12-17 21:13:04 - INFO     - Время запуска: 2025-12-17 21:13:04.360187
2025-12-17 21:13:04 - INFO     - ==================================================
2025-12-17 21:13:04 - INFO     - ОПЕРАЦИЯ [Запись данных теста из файла]: Вопрос: 1. На каком этапе разработки ПО выполняется описание алгоритмов?
2025-12-17 21:13:04 - INFO     - ОПЕРАЦИЯ [Запись данных теста из файла]: Количество ответов: 3
2025-12-17 21:13:04 - INFO     - ОПЕРАЦИЯ [Запись данных теста из файла]: Правильный ответ: 0
2025-12-17 21:13:04 - INFO     - ОПЕРАЦИЯ [Запись данных теста из файла]: Вариант ответа: Детальное проектирование
2025-12-17 21:13:04 - INFO     - ОПЕРАЦИЯ [Запись данных теста из файла]: Вариант ответа: Разработка архитектуры системы
2025-12-17 21:13:04 - INFO     - ОПЕРАЦИЯ [Запись данных теста из файла]: Вариант ответа: Создание плана разработки
2025-12-17 21:13:04 - INFO     - ОПЕРАЦИЯ [Запись данных теста из файла]: Вопрос: 2. Технический долг не является следствием
2025-12-17 21:13:04 - INFO     - ОПЕРАЦИЯ [Запись данных теста из файла]: Количество ответов: 4
2025-12-17 21:13:04 - INFO     - ОПЕРАЦИЯ [Запись данных теста из файла]: Правильный ответ: 3
2025-12-17 21:13:04 - INFO     - ОПЕРАЦИЯ [Запись данных теста из файла]: Вариант ответа: отсутствия документации
2025-12-17 21:13:04 - INFO     - ОПЕРАЦИЯ [Запись данных теста из файла]: Вариант ответа: отсутствия тестов
2025-12-17 21:13:04 - INFO     - ОПЕРАЦИЯ [Запись данных теста из файла]: Вариант ответа: сильного зацепления компонентов
2025-12-17 21:13:04 - INFO     - ОПЕРАЦИЯ [Запись данных теста из файла]: Вариант ответа: все ответы неверные
2025-12-17 21:13:04 - INFO     - ОПЕРАЦИЯ [Запись данных теста из файла]: Вопрос: 3. Трансцендентный взгляд на качество гласит: Качество это то что лучше подходит пользователю в контекст применения
2025-12-17 21:13:04 - INFO     - ОПЕРАЦИЯ [Запись данных теста из файла]: Количество ответов: 2
2025-12-17 21:13:04 - INFO     - ОПЕРАЦИЯ [Запись данных теста из файла]: Правильный ответ: 1
2025-12-17 21:13:04 - INFO     - ОПЕРАЦИЯ [Запись данных теста из файла]: Вариант ответа: Верно
2025-12-17 21:13:04 - INFO     - ОПЕРАЦИЯ [Запись данных теста из файла]: Вариант ответа: Неверно
2025-12-17 21:13:04 - INFO     - ОПЕРАЦИЯ [Запись данных теста из файла]: Вопрос: 4. Тестирование, основанное на анализе внутренней структуры компонента или системы - это тестирование методом
2025-12-17 21:13:04 - INFO     - ОПЕРАЦИЯ [Запись данных теста из файла]: Количество ответов: 3
2025-12-17 21:13:04 - INFO     - ОПЕРАЦИЯ [Запись данных теста из файла]: Правильный ответ: 2
2025-12-17 21:13:04 - INFO     - ОПЕРАЦИЯ [Запись данных теста из файла]: Вариант ответа: черного ящика
2025-12-17 21:13:04 - INFO     - ОПЕРАЦИЯ [Запись данных теста из файла]: Вариант ответа: серого ящика
2025-12-17 21:13:04 - INFO     - ОПЕРАЦИЯ [Запись данных теста из файла]: Вариант ответа: белого ящика
2025-12-17 21:13:04 - INFO     - ОПЕРАЦИЯ [Запись данных теста из файла]: Вопрос: 5. Рефакторинг нужен когда
2025-12-17 21:13:04 - INFO     - ОПЕРАЦИЯ [Запись данных теста из файла]: Количество ответов: 3
2025-12-17 21:13:04 - INFO     - ОПЕРАЦИЯ [Запись данных теста из файла]: Правильный ответ: 1
2025-12-17 21:13:04 - INFO     - ОПЕРАЦИЯ [Запись данных теста из файла]: Вариант ответа: программа медленно работает
2025-12-17 21:13:04 - INFO     - ОПЕРАЦИЯ [Запись данных теста из файла]: Вариант ответа: один и тот же код в нескольких местах программы
2025-12-17 21:13:04 - INFO     - ОПЕРАЦИЯ [Запись данных теста из файла]: Вариант ответа: программа часто выдает ошибку
2025-12-17 21:13:04 - INFO     - ВЫВОД [Вопрос]: 1. На каком этапе разработки ПО выполняется описание алгоритмов?
2025-12-17 21:13:04 - INFO     - ВЫВОД [Вариант ответа]:   1)Детальное проектирование
2025-12-17 21:13:04 - INFO     - ВЫВОД [Вариант ответа]:   2)Разработка архитектуры системы
2025-12-17 21:13:04 - INFO     - ВЫВОД [Вариант ответа]:   3)Создание плана разработки
2025-12-17 21:13:15 - INFO     - ВЫВОД [Запрос ответа у пользователя]: Введите номер ответа (1-3): 
2025-12-17 21:13:15 - INFO     - ВВОД [Ответ пользователя]: 4
2025-12-17 21:13:15 - ERROR    - ОШИБКА [Ввод неверных данных: 4]: Введите число от 1 до 3
2025-12-17 21:13:20 - INFO     - ВЫВОД [Запрос ответа у пользователя]: Введите номер ответа (1-3): 
2025-12-17 21:13:20 - INFO     - ВВОД [Ответ пользователя]: 1
2025-12-17 21:13:20 - INFO     - ВЫВОД [Проверка ответа пользователя]: Правильно!
2025-12-17 21:13:20 - INFO     - ОПЕРАЦИЯ [Увеличение количества правильных ответов]: 1
2025-12-17 21:13:20 - INFO     - ВЫВОД [Вопрос]: 2. Технический долг не является следствием
2025-12-17 21:13:20 - INFO     - ВЫВОД [Вариант ответа]:   1)отсутствия документации
2025-12-17 21:13:20 - INFO     - ВЫВОД [Вариант ответа]:   2)отсутствия тестов
2025-12-17 21:13:20 - INFO     - ВЫВОД [Вариант ответа]:   3)сильного зацепления компонентов
2025-12-17 21:13:20 - INFO     - ВЫВОД [Вариант ответа]:   4)все ответы неверные
2025-12-17 21:13:25 - INFO     - ВЫВОД [Запрос ответа у пользователя]: Введите номер ответа (1-4): 
2025-12-17 21:13:25 - INFO     - ВВОД [Ответ пользователя]: 3
2025-12-17 21:13:25 - INFO     - ВЫВОД [Проверка ответа пользователя]: Неправильно. Правильный ответ: 4)все ответы неверные
2025-12-17 21:13:25 - INFO     - ВЫВОД [Вопрос]: 3. Трансцендентный взгляд на качество гласит: Качество это то что лучше подходит пользователю в контекст применения
2025-12-17 21:13:25 - INFO     - ВЫВОД [Вариант ответа]:   1)Верно
2025-12-17 21:13:25 - INFO     - ВЫВОД [Вариант ответа]:   2)Неверно
2025-12-17 21:13:28 - INFO     - ВЫВОД [Запрос ответа у пользователя]: Введите номер ответа (1-2): 
2025-12-17 21:13:28 - INFO     - ВВОД [Ответ пользователя]: 1
2025-12-17 21:13:28 - INFO     - ВЫВОД [Проверка ответа пользователя]: Неправильно. Правильный ответ: 2)Неверно
2025-12-17 21:13:28 - INFO     - ВЫВОД [Вопрос]: 4. Тестирование, основанное на анализе внутренней структуры компонента или системы - это тестирование методом
2025-12-17 21:13:28 - INFO     - ВЫВОД [Вариант ответа]:   1)черного ящика
2025-12-17 21:13:28 - INFO     - ВЫВОД [Вариант ответа]:   2)серого ящика
2025-12-17 21:13:28 - INFO     - ВЫВОД [Вариант ответа]:   3)белого ящика
2025-12-17 21:13:31 - INFO     - ВЫВОД [Запрос ответа у пользователя]: Введите номер ответа (1-3): 
2025-12-17 21:13:31 - INFO     - ВВОД [Ответ пользователя]: 3
2025-12-17 21:13:31 - INFO     - ВЫВОД [Проверка ответа пользователя]: Правильно!
2025-12-17 21:13:31 - INFO     - ОПЕРАЦИЯ [Увеличение количества правильных ответов]: 2
2025-12-17 21:13:31 - INFO     - ВЫВОД [Вопрос]: 5. Рефакторинг нужен когда
2025-12-17 21:13:31 - INFO     - ВЫВОД [Вариант ответа]:   1)программа медленно работает
2025-12-17 21:13:31 - INFO     - ВЫВОД [Вариант ответа]:   2)один и тот же код в нескольких местах программы
2025-12-17 21:13:31 - INFO     - ВЫВОД [Вариант ответа]:   3)программа часто выдает ошибку
2025-12-17 21:13:42 - INFO     - ВЫВОД [Запрос ответа у пользователя]: Введите номер ответа (1-3): 
2025-12-17 21:13:42 - INFO     - ВВОД [Ответ пользователя]: .
2025-12-17 21:13:42 - ERROR    - ОШИБКА [Ввод неверных данных: .]: Пожалуйста, введите число.
2025-12-17 21:13:53 - INFO     - ВЫВОД [Запрос ответа у пользователя]: Введите номер ответа (1-3): 
2025-12-17 21:13:53 - INFO     - ВВОД [Ответ пользователя]: 3
2025-12-17 21:13:53 - INFO     - ВЫВОД [Проверка ответа пользователя]: Неправильно. Правильный ответ: 2)один и тот же код в нескольких местах программы
2025-12-17 21:13:53 - INFO     - ВЫВОД [Подведение итогов]: ТЕСТ ЗАВЕРШЕН
2025-12-17 21:13:53 - INFO     - ВЫВОД [Подведение итогов]: Количество правильных ответов: 2 из 5
2025-12-17 21:13:53 - INFO     - ВЫВОД [Подведение итогов]: Процент выполнения: 40%
2025-12-17 21:13:53 - INFO     - ==================================================
2025-12-17 21:13:53 - INFO     - ПРОГРАММА ЗАВЕРШЕНА
2025-12-17 21:13:53 - INFO     - Время завершения: 2025-12-17 21:13:53.528396
2025-12-17 21:13:53 - INFO     - ==================================================
2025-12-17 21:17:41 - INFO     - ==================================================
2025-12-17 21:17:41 - INFO     - ПРОГРАММА ЗАПУЩЕНА
2025-12-17 21:17:41 - INFO     - Время запуска: 2025-12-17 21:17:41.021906
2025-12-17 21:17:41 - INFO     - ==================================================
2025-12-17 21:17:41 - INFO     - ОПЕРАЦИЯ [Запись данных теста из файла]: Вопрос: Критерием качества программы, определяющим соответствие результатов программы ее спецификации, является
2025-12-17 21:17:41 - INFO     - ОПЕРАЦИЯ [Запись данных теста из файла]: Количество ответов: 4
2025-12-17 21:17:41 - INFO     - ОПЕРАЦИЯ [Запись данных теста из файла]: Правильный ответ: 3
2025-12-17 21:17:41 - INFO     - ОПЕРАЦИЯ [Запись данных теста из файла]: Вариант ответа: надежность
2025-12-17 21:17:41 - INFO     - ОПЕРАЦИЯ [Запись данных теста из файла]: Вариант ответа: эффективность
2025-12-17 21:17:41 - INFO     - ОПЕРАЦИЯ [Запись данных теста из файла]: Вариант ответа: эргономичность
2025-12-17 21:17:41 - INFO     - ОПЕРАЦИЯ [Запись данных теста из файла]: Вариант ответа: корректность
2025-12-17 21:17:41 - INFO     - ОПЕРАЦИЯ [Запись данных теста из файла]: Вопрос: Когда некоторые этапы алгоритма повторяются многократно, алгоритмическая конструкция носит название
2025-12-17 21:17:41 - INFO     - ОПЕРАЦИЯ [Запись данных теста из файла]: Количество ответов: 3
2025-12-17 21:17:41 - INFO     - ОПЕРАЦИЯ [Запись данных теста из файла]: Правильный ответ: 1
2025-12-17 21:17:41 - INFO     - ОПЕРАЦИЯ [Запись данных теста из файла]: Вариант ответа: линейной
2025-12-17 21:17:41 - INFO     - ОПЕРАЦИЯ [Запись данных теста из файла]: Вариант ответа: циклической
2025-12-17 21:17:41 - INFO     - ОПЕРАЦИЯ [Запись данных теста из файла]: Вариант ответа: ветвления
2025-12-17 21:17:41 - INFO     - ОПЕРАЦИЯ [Запись данных теста из файла]: Вопрос: Переменная, изменяющаясвое значение при каждом вхождении в цикл, называется
2025-12-17 21:17:41 - INFO     - ОПЕРАЦИЯ [Запись данных теста из файла]: Количество ответов: 4
2025-12-17 21:17:41 - INFO     - ОПЕРАЦИЯ [Запись данных теста из файла]: Правильный ответ: 2
2025-12-17 21:17:41 - INFO     - ОПЕРАЦИЯ [Запись данных теста из файла]: Вариант ответа: телом цикла
2025-12-17 21:17:41 - INFO     - ОПЕРАЦИЯ [Запись данных теста из файла]: Вариант ответа: параметром цикла
2025-12-17 21:17:41 - INFO     - ОПЕРАЦИЯ [Запись данных теста из файла]: Вариант ответа: индексом
2025-12-17 21:17:41 - INFO     - ОПЕРАЦИЯ [Запись данных теста из файла]: Вариант ответа: размером
2025-12-17 21:17:41 - INFO     - ОПЕРАЦИЯ [Запись данных теста из файла]: Вопрос: Понятное  и точное предписание исполнителю выполнить конечную последовательность команд, приводящую от исходных данных к искомому результату, называется
2025-12-17 21:17:41 - INFO     - ОПЕРАЦИЯ [Запись данных теста из файла]: Количество ответов: 4
2025-12-17 21:17:41 - INFO     - ОПЕРАЦИЯ [Запись данных теста из файла]: Правильный ответ: 1
2025-12-17 21:17:41 - INFO     - ОПЕРАЦИЯ [Запись данных теста из файла]: Вариант ответа: моделью
2025-12-17 21:17:41 - INFO     - ОПЕРАЦИЯ [Запись данных теста из файла]: Вариант ответа: алгоритмом
2025-12-17 21:17:41 - INFO     - ОПЕРАЦИЯ [Запись данных теста из файла]: Вариант ответа: системой
2025-12-17 21:17:41 - INFO     - ОПЕРАЦИЯ [Запись данных теста из файла]: Вариант ответа: технологией
2025-12-17 21:17:41 - INFO     - ОПЕРАЦИЯ [Запись данных теста из файла]: Вопрос: Алгоритмом можно назвать
2025-12-17 21:17:41 - INFO     - ОПЕРАЦИЯ [Запись данных теста из файла]: Количество ответов: 4
2025-12-17 21:17:41 - INFO     - ОПЕРАЦИЯ [Запись данных теста из файла]: Правильный ответ: 0
2025-12-17 21:17:41 - INFO     - ОПЕРАЦИЯ [Запись данных теста из файла]: Вариант ответа: описание решения квадратного уравнения
2025-12-17 21:17:41 - INFO     - ОПЕРАЦИЯ [Запись данных теста из файла]: Вариант ответа: расписание уроков в колледже
2025-12-17 21:17:41 - INFO     - ОПЕРАЦИЯ [Запись данных теста из файла]: Вариант ответа: технический паспорт автомобиля
2025-12-17 21:17:41 - INFO     - ОПЕРАЦИЯ [Запись данных теста из файла]: Вариант ответа: список группы в журнале
2025-12-17 21:17:41 - INFO     - ОПЕРАЦИЯ [Запись данных теста из файла]: Вопрос: Многократно повторяющаяся часть алгоритма  называется
2025-12-17 21:17:41 - INFO     - ОПЕРАЦИЯ [Запись данных теста из файла]: Количество ответов: 3
2025-12-17 21:17:41 - INFO     - ОПЕРАЦИЯ [Запись данных теста из файла]: Правильный ответ: 1
2025-12-17 21:17:41 - INFO     - ОПЕРАЦИЯ [Запись данных теста из файла]: Вариант ответа: параметром цикла
2025-12-17 21:17:41 - INFO     - ОПЕРАЦИЯ [Запись данных теста из файла]: Вариант ответа: телом цикла
2025-12-17 21:17:41 - INFO     - ОПЕРАЦИЯ [Запись данных теста из файла]: Вариант ответа: перебором
2025-12-17 21:17:41 - INFO     - ОПЕРАЦИЯ [Запись данных теста из файла]: Вопрос: Для понятности текстов программ в имени целых переменных включают приставку
2025-12-17 21:17:41 - INFO     - ОПЕРАЦИЯ [Запись данных теста из файла]: Количество ответов: 3
2025-12-17 21:17:41 - INFO     - ОПЕРАЦИЯ [Запись данных теста из файла]: Правильный ответ: 1
2025-12-17 21:17:41 - INFO     - ОПЕРАЦИЯ [Запись данных теста из файла]: Вариант ответа: sng
2025-12-17 21:17:41 - INFO     - ОПЕРАЦИЯ [Запись данных теста из файла]: Вариант ответа: int
2025-12-17 21:17:41 - INFO     - ОПЕРАЦИЯ [Запись данных теста из файла]: Вариант ответа: str
2025-12-17 21:17:41 - INFO     - ВЫВОД [Вопрос]: Критерием качества программы, определяющим соответствие результатов программы ее спецификации, является
2025-12-17 21:17:41 - INFO     - ВЫВОД [Вариант ответа]:   1)надежность
2025-12-17 21:17:41 - INFO     - ВЫВОД [Вариант ответа]:   2)эффективность
2025-12-17 21:17:41 - INFO     - ВЫВОД [Вариант ответа]:   3)эргономичность
2025-12-17 21:17:41 - INFO     - ВЫВОД [Вариант ответа]:   4)корректность
2025-12-17 21:18:11 - INFO     - ВЫВОД [Запрос ответа у пользователя]: Введите номер ответа (1-4): 
2025-12-17 21:18:11 - INFO     - ВВОД [Ответ пользователя]: 4
2025-12-17 21:18:11 - INFO     - ВЫВОД [Проверка ответа пользователя]: Правильно!
2025-12-17 21:18:11 - INFO     - ОПЕРАЦИЯ [Увеличение количества правильных ответов]: 1
2025-12-17 21:18:11 - INFO     - ВЫВОД [Вопрос]: Когда некоторые этапы алгоритма повторяются многократно, алгоритмическая конструкция носит название
2025-12-17 21:18:11 - INFO     - ВЫВОД [Вариант ответа]:   1)линейной
2025-12-17 21:18:11 - INFO     - ВЫВОД [Вариант ответа]:   2)циклической
2025-12-17 21:18:11 - INFO     - ВЫВОД [Вариант ответа]:   3)ветвления
2025-12-17 21:18:23 - INFO     - ВЫВОД [Запрос ответа у пользователя]: Введите номер ответа (1-3): 
2025-12-17 21:18:23 - INFO     - ВВОД [Ответ пользователя]: 2
2025-12-17 21:18:23 - INFO     - ВЫВОД [Проверка ответа пользователя]: Правильно!
2025-12-17 21:18:23 - INFO     - ОПЕРАЦИЯ [Увеличение количества правильных ответов]: 2
2025-12-17 21:18:23 - INFO     - ВЫВОД [Вопрос]: Переменная, изменяющаясвое значение при каждом вхождении в цикл, называется
2025-12-17 21:18:23 - INFO     - ВЫВОД [Вариант ответа]:   1)телом цикла
2025-12-17 21:18:23 - INFO     - ВЫВОД [Вариант ответа]:   2)параметром цикла
2025-12-17 21:18:23 - INFO     - ВЫВОД [Вариант ответа]:   3)индексом
2025-12-17 21:18:23 - INFO     - ВЫВОД [Вариант ответа]:   4)размером
2025-12-17 21:19:08 - INFO     - ВЫВОД [Запрос ответа у пользователя]: Введите номер ответа (1-4): 
2025-12-17 21:19:08 - INFO     - ВВОД [Ответ пользователя]: 2
2025-12-17 21:19:08 - INFO     - ВЫВОД [Проверка ответа пользователя]: Неправильно. Правильный ответ: 3)индексом
2025-12-17 21:19:08 - INFO     - ВЫВОД [Вопрос]: Понятное  и точное предписание исполнителю выполнить конечную последовательность команд, приводящую от исходных данных к искомому результату, называется
2025-12-17 21:19:08 - INFO     - ВЫВОД [Вариант ответа]:   1)моделью
2025-12-17 21:19:08 - INFO     - ВЫВОД [Вариант ответа]:   2)алгоритмом
2025-12-17 21:19:08 - INFO     - ВЫВОД [Вариант ответа]:   3)системой
2025-12-17 21:19:08 - INFO     - ВЫВОД [Вариант ответа]:   4)технологией
2025-12-17 21:20:14 - INFO     - ВЫВОД [Запрос ответа у пользователя]: Введите номер ответа (1-4): 
2025-12-17 21:20:14 - INFO     - ВВОД [Ответ пользователя]: 2
2025-12-17 21:20:14 - INFO     - ВЫВОД [Проверка ответа пользователя]: Правильно!
2025-12-17 21:20:14 - INFO     - ОПЕРАЦИЯ [Увеличение количества правильных ответов]: 3
2025-12-17 21:20:14 - INFO     - ВЫВОД [Вопрос]: Алгоритмом можно назвать
2025-12-17 21:20:14 - INFO     - ВЫВОД [Вариант ответа]:   1)описание решения квадратного уравнения
2025-12-17 21:20:14 - INFO     - ВЫВОД [Вариант ответа]:   2)расписание уроков в колледже
2025-12-17 21:20:14 - INFO     - ВЫВОД [Вариант ответа]:   3)технический паспорт автомобиля
2025-12-17 21:20:14 - INFO     - ВЫВОД [Вариант ответа]:   4)список группы в журнале
2025-12-17 21:20:25 - INFO     - ВЫВОД [Запрос ответа у пользователя]: Введите номер ответа (1-4): 
2025-12-17 21:20:25 - INFO     - ВВОД [Ответ пользователя]: 1
2025-12-17 21:20:25 - INFO     - ВЫВОД [Проверка ответа пользователя]: Правильно!
2025-12-17 21:20:25 - INFO     - ОПЕРАЦИЯ [Увеличение количества правильных ответов]: 4
2025-12-17 21:20:25 - INFO     - ВЫВОД [Вопрос]: Многократно повторяющаяся часть алгоритма  называется
2025-12-17 21:20:25 - INFO     - ВЫВОД [Вариант ответа]:   1)параметром цикла
2025-12-17 21:20:25 - INFO     - ВЫВОД [Вариант ответа]:   2)телом цикла
2025-12-17 21:20:25 - INFO     - ВЫВОД [Вариант ответа]:   3)перебором
2025-12-17 21:20:36 - INFO     - ВЫВОД [Запрос ответа у пользователя]: Введите номер ответа (1-3): 
2025-12-17 21:20:36 - INFO     - ВВОД [Ответ пользователя]: 3
2025-12-17 21:20:36 - INFO     - ВЫВОД [Проверка ответа пользователя]: Неправильно. Правильный ответ: 2)телом цикла
2025-12-17 21:20:36 - INFO     - ВЫВОД [Вопрос]: Для понятности текстов программ в имени целых переменных включают приставку
2025-12-17 21:20:36 - INFO     - ВЫВОД [Вариант ответа]:   1)sng
2025-12-17 21:20:36 - INFO     - ВЫВОД [Вариант ответа]:   2)int
2025-12-17 21:20:36 - INFO     - ВЫВОД [Вариант ответа]:   3)str
2025-12-17 21:20:51 - INFO     - ВЫВОД [Запрос ответа у пользователя]: Введите номер ответа (1-3): 
2025-12-17 21:20:51 - INFO     - ВВОД [Ответ пользователя]: 1
2025-12-17 21:20:51 - INFO     - ВЫВОД [Проверка ответа пользователя]: Неправильно. Правильный ответ: 2)int
2025-12-17 21:20:51 - INFO     - ВЫВОД [Подведение итогов]: ТЕСТ ЗАВЕРШЕН
2025-12-17 21:20:51 - INFO     - ВЫВОД [Подведение итогов]: Количество правильных ответов: 4 из 7
2025-12-17 21:20:51 - INFO     - ВЫВОД [Подведение итогов]: Процент выполнения: 57%
2025-12-17 21:20:51 - INFO     - ==================================================
2025-12-17 21:20:51 - INFO     - ПРОГРАММА ЗАВЕРШЕНА
2025-12-17 21:20:51 - INFO     - Время завершения: 2025-12-17 21:20:51.362359
2025-12-17 21:20:51 - INFO     - ==================================================
